{"D:\\Otus\\jsCourseJest2021-08\\src\\homework3.js": {"path":"D:\\Otus\\jsCourseJest2021-08\\src\\homework3.js","statementMap":{"0":{"start":{"line":8,"column":27},"end":{"line":8,"column":84}},"1":{"start":{"line":8,"column":37},"end":{"line":8,"column":84}},"2":{"start":{"line":17,"column":24},"end":{"line":17,"column":72}},"3":{"start":{"line":17,"column":34},"end":{"line":17,"column":72}}},"fnMap":{"0":{"name":"(anonymous_0)","decl":{"start":{"line":8,"column":27},"end":{"line":8,"column":28}},"loc":{"start":{"line":8,"column":37},"end":{"line":8,"column":84}},"line":8},"1":{"name":"(anonymous_1)","decl":{"start":{"line":17,"column":24},"end":{"line":17,"column":25}},"loc":{"start":{"line":17,"column":34},"end":{"line":17,"column":72}},"line":17}},"branchMap":{"0":{"loc":{"start":{"line":8,"column":37},"end":{"line":8,"column":84}},"type":"binary-expr","locations":[{"start":{"line":8,"column":37},"end":{"line":8,"column":41}},{"start":{"line":8,"column":45},"end":{"line":8,"column":61}},{"start":{"line":8,"column":65},"end":{"line":8,"column":84}}],"line":8},"1":{"loc":{"start":{"line":17,"column":35},"end":{"line":17,"column":45}},"type":"binary-expr","locations":[{"start":{"line":17,"column":35},"end":{"line":17,"column":39}},{"start":{"line":17,"column":43},"end":{"line":17,"column":45}}],"line":17}},"s":{"0":0,"1":0,"2":0,"3":0},"f":{"0":0,"1":0},"b":{"0":[0,0,0],"1":[0,0]}}
}
